 ---=== Start Migration of project DemoCloud ===---
 * Task [ResetMavenTemplateMigrationTask] : Applied successfully
 * Task [RenameDBTypeInProjectSettingsMigrationTask] : Applied successfully
 * Task [HiveComponentUpdateConnectionMode] : Nothing to do
 * Task [ChangePostgresPlusDBType4ProjectSettingsMigrationTask] : Nothing to do
 * Task [Fix a problem of project resources linked to items] : Nothing to do
 * Task [NewTckJDBCMigrationTask] : Nothing to do
 * Task [GenericJDBCConnectionsToTacokitJDBCMigrationTask] : Nothing to do
 * Task [UnifyPostgresPlusComponentsToReusePostgres] : Nothing to do
 * Task [ReplaceBackSlashWithSlashInGSPut] : Nothing to do
 * Task [RenameDBTypeInJobSettingsMigrationTask] : Applied successfully
 * Task [ChangeToPostgresInJobSettingsMigrationTask] : Nothing to do
 * Task [ReplacePostgresPlusConnectionByPostgresConnectionMigrationTask] : Nothing to do
 * Task [RevertSAPContextModeAdditionalPropMigrationTask] : Nothing to do
 * Task [AutoUpdateRelationsMigrationTask] : Applied successfully
 ---=== End of migration ===---
 ---=== Start Migration of project DemoCloud ===---
 * Task [ResetMavenTemplateMigrationTask] : Applied successfully
 * Task [DeleteWork_MapDBFolderMigrationTask] : Applied successfully
 * Task [Fix a problem of project resources linked to items] : Nothing to do
 * Task [UpdateTDataQualityRulesWebAppTask] : Nothing to do
 * Task [AutoUpdateRelationsMigrationTask] : Applied successfully
 ---=== End of migration ===---
 ---=== Start Migration of project DemoCloud ===---
 * Task [ResetMavenTemplateMigrationTask] : Applied successfully
 * Task [UpdateBeansDefaultLibrariesMigrationTask 8.0.1-R2024-02] : Nothing to do
 * Task [Fix a problem of project resources linked to items] : Nothing to do
 * Task [UpgradeTacokitMetadataMigrationTask] : Nothing to do
 * Task [AutoUpdateRelationsMigrationTask] : Applied successfully
 ---=== End of migration ===---
 * Task [Fix a problem of project resources linked to items] : Nothing to do
 * Task [UpgradeTacokitMetadataMigrationTask] : Nothing to do
 * Task [AutoUpdateRelationsMigrationTask] : Applied successfully
 ---=== End of migration ===---
 * Task [Fix a problem of project resources linked to items] : Nothing to do
 * Task [UpgradeTacokitMetadataMigrationTask] : Nothing to do
 * Task [AutoUpdateRelationsMigrationTask] : Applied successfully
 ---=== End of migration ===---
 * Task [Fix a problem of project resources linked to items] : Nothing to do
 * Task [UpgradeTacokitMetadataMigrationTask] : Nothing to do
 * Task [AutoUpdateRelationsMigrationTask] : Applied successfully
 ---=== End of migration ===---
 ---=== Start Migration of project DemoCloud ===---
 * Task [ResetMavenTemplateMigrationTask] : Applied successfully
 * Task [UpdateEnableAutoConversionTypeMigrationTask] : Nothing to do
 * Task [UpdateSystemRoutineChangesMigrationTask] : Applied successfully
 * Task [Fix a problem of project resources linked to items] : Nothing to do
 * Task [AutoUpdateRelationsMigrationTask] : Applied successfully
 ---=== End of migration ===---
 ---=== Start Migration of project DemoCloud ===---
 * Task [ResetMavenTemplateMigrationTask] : Applied successfully
 * Task [RenameHBaseDeleteRowMigrationTask] : Applied successfully
 * Task [MoveToDockerfileTemplateMigrationtask] : Nothing to do
 * Task [HiveRefactoUpdateConnectionMode] : Nothing to do
 * Task [Fix a problem of project resources linked to items] : Nothing to do
 * Task [AddDistributionForSparkMigrationTask] : Nothing to do
 * Task [AutoUpdateRelationsMigrationTask] : Applied successfully
 ---=== End of migration ===---
