SLF4J: Class path contains multiple SLF4J bindings.
SLF4J: Found binding in [jar:file:/C:/Program%20Files%20(x86)/Talend-Studio/studio/plugins/org.eclipse.m2e.maven.runtime.slf4j.simple_1.18.0.20210402-1458/jars/slf4j-simple-1.7.5.jar!/org/slf4j/impl/StaticLoggerBinder.class]
SLF4J: Found binding in [file:/C:/Program%20Files%20(x86)/Talend-Studio/studio/configuration/org.eclipse.osgi/1160/0/.cp/org/slf4j/impl/StaticLoggerBinder.class]
SLF4J: See http://www.slf4j.org/codes.html#multiple_bindings for an explanation.
SLF4J: Actual binding is of type [org.slf4j.impl.SimpleLoggerFactory]
[INFO] Disabling enhanced local repository: using legacy is strongly discouraged to ensure build reproducibility.
[INFO] Scanning for projects...
[INFO] 
[INFO] -------------------< org.example.democloud.job:Demo >-------------------
[INFO] Building DEMOCLOUD Demo-0.1.0 (0.1,Job Designs) 0.1.0
[INFO] --------------------------------[ jar ]---------------------------------
[WARNING] The POM for net.minidev:accessors-smart:jar:2.4.11 is missing, no dependency information available
[WARNING] The POM for org.antlr:antlr-runtime:jar:3.5.2 is missing, no dependency information available
[WARNING] The POM for com.google.auto:auto-common:jar:0.3 is missing, no dependency information available
[WARNING] The POM for com.google.auto.service:auto-service:jar:1.0-rc2 is missing, no dependency information available
[WARNING] The POM for org.checkerframework:checker-qual:jar:3.5.0 is missing, no dependency information available
[WARNING] The POM for commons-codec:commons-codec:jar:1.14 is missing, no dependency information available
[WARNING] The POM for org.apache.commons:commons-lang3:jar:3.10 is missing, no dependency information available
[WARNING] The POM for org.talend.components:components-api:jar:0.37.27 is missing, no dependency information available
[WARNING] The POM for org.talend.components:components-common:jar:0.37.27 is missing, no dependency information available
[WARNING] The POM for org.talend.components:components-datastewardship:jar:0.37.27 is missing, no dependency information available
[WARNING] The POM for org.talend.daikon:daikon:jar:7.1.16 is missing, no dependency information available
[WARNING] The POM for org.talend.components:datastewardship-client:jar:0.37.27 is missing, no dependency information available
[WARNING] The POM for com.google.errorprone:error_prone_annotations:jar:2.3.4 is missing, no dependency information available
[WARNING] The POM for org.apache.httpcomponents:fluent-hc:jar:4.5.13 is missing, no dependency information available
[WARNING] The POM for com.google.guava:guava:jar:32.1.2-jre is missing, no dependency information available
[WARNING] The POM for com.google.j2objc:j2objc-annotations:jar:1.3 is missing, no dependency information available
[WARNING] The POM for javax.annotation:javax.annotation-api:jar:1.3 is missing, no dependency information available
[WARNING] The POM for joda-time:joda-time:jar:2.8.2 is missing, no dependency information available
[WARNING] The POM for net.minidev:json-smart:jar:2.4.11 is missing, no dependency information available
[WARNING] The POM for com.google.code.findbugs:jsr305:jar:1.3.9 is missing, no dependency information available
[WARNING] The POM for org.projectlombok:lombok:jar:1.18.24 is missing, no dependency information available
[WARNING] The POM for org.osgi:org.osgi.service.component.annotations:jar:1.3.0 is missing, no dependency information available
[WARNING] The POM for org.ops4j.pax.url:pax-url-aether:jar:2.6.12 is missing, no dependency information available
[WARNING] The POM for org.ops4j.pax.url:pax-url-aether-support:jar:2.6.12 is missing, no dependency information available
[WARNING] The POM for org.talend.components:talendcsv:jar:1.1.0 is missing, no dependency information available
[WARNING] The POM for org.slf4j:slf4j-api:jar:1.7.26 is missing, no dependency information available
[WARNING] The POM for org.slf4j:slf4j-api:jar:1.7.25 is missing, no dependency information available
[INFO] 
[INFO] --- builder-maven-plugin:8.0.13:generate (default) @ Demo ---
[WARNING] The POM for org.codehaus.plexus:plexus-utils:jar:1.5.5 is missing, no dependency information available
[INFO] Skipping ci-builder
[INFO] 
[INFO] --- maven-resources-plugin:3.0.2:resources (default-resources) @ Demo ---
[WARNING] The POM for commons-io:commons-io:jar:2.6 is missing, no dependency information available
[WARNING] The POM for org.codehaus.plexus:plexus-utils:jar:3.4.1 is missing, no dependency information available
[WARNING] The POM for org.slf4j:slf4j-api:jar:1.7.30 is missing, no dependency information available
[WARNING] The POM for com.google.guava:guava:jar:25.1-android is missing, no dependency information available
[WARNING] The POM for org.codehaus.plexus:plexus-utils:jar:2.0.4 is missing, no dependency information available
[WARNING] The POM for org.codehaus.plexus:plexus-utils:jar:2.0.5 is missing, no dependency information available
[WARNING] The POM for org.apache.maven:maven-core:jar:3.0 is missing, no dependency information available
[WARNING] The POM for org.apache.maven.shared:maven-shared-utils:jar:3.0.0 is missing, no dependency information available
[WARNING] The POM for org.codehaus.plexus:plexus-utils:jar:1.5.8 is missing, no dependency information available
[WARNING] Using platform encoding (UTF-8 actually) to copy filtered resources, i.e. build is platform dependent!
[INFO] Copying 1 resource
[INFO] 
[INFO] --- maven-compiler-plugin:3.6.1:compile (default-compile) @ Demo ---
[WARNING] The POM for org.codehaus.plexus:plexus-utils:jar:3.3.0 is missing, no dependency information available
[WARNING] The POM for org.codehaus.plexus:plexus-archiver:jar:4.2.1 is missing, no dependency information available
[WARNING] The POM for org.eclipse.platform:org.eclipse.osgi:jar:3.15.100 is missing, no dependency information available
[WARNING] The POM for org.apache.maven:maven-settings:jar:3.0 is missing, no dependency information available
[WARNING] The POM for org.codehaus.plexus:plexus-utils:jar:1.4.2 is missing, no dependency information available
[WARNING] The POM for org.codehaus.plexus:plexus-utils:jar:3.5.0 is missing, no dependency information available
[WARNING] The POM for commons-io:commons-io:jar:2.13.0 is missing, no dependency information available
[WARNING] The POM for org.apache.maven:maven-settings:jar:2.2.1 is missing, no dependency information available
[WARNING] The POM for org.codehaus.plexus:plexus-utils:jar:1.5.15 is missing, no dependency information available
[WARNING] The POM for org.sonatype.plexus:plexus-cipher:jar:1.4 is missing, no dependency information available
[WARNING] The POM for org.apache.maven.shared:maven-shared-utils:jar:0.1 is missing, no dependency information available
[INFO] Not compiling main sources
[INFO] 
[INFO] --- maven-resources-plugin:3.0.2:testResources (default-testResources) @ Demo ---
[INFO] Not copying test resources
[INFO] 
[INFO] --- maven-compiler-plugin:3.6.1:testCompile (default-testCompile) @ Demo ---
[INFO] Not compiling test sources
[INFO] 
[INFO] --- maven-surefire-plugin:2.22.2:test (default-test) @ Demo ---
[WARNING] The POM for junit:junit:jar:4.12 is missing, no dependency information available
[WARNING] The POM for org.codehaus.plexus:plexus-utils:jar:1.0.4 is missing, no dependency information available
[INFO] Tests are skipped.
[INFO] 
[INFO] --- maven-jar-plugin:3.0.2:jar (default-jar) @ Demo ---
[WARNING] The POM for org.apache.maven.shared:maven-shared-utils:jar:3.0.1 is missing, no dependency information available
[WARNING] The POM for commons-io:commons-io:jar:2.5 is missing, no dependency information available
[WARNING] The POM for org.apache.commons:commons-compress:jar:1.11 is missing, no dependency information available
[INFO] Building jar: C:\Users\eric.tan\workspace\talend-1036706831\DEMOCLOUD\poms\jobs\process\demo_0.1\target\demo_0_1.jar
[INFO] 
[INFO] --- maven-assembly-plugin:3.6.0:single (default) @ Demo ---
[WARNING] The POM for org.codehaus.plexus:plexus-io:jar:3.4.0 is missing, no dependency information available
[WARNING] The POM for org.codehaus.plexus:plexus-archiver:jar:4.4.0 is missing, no dependency information available
[INFO] Reading assembly descriptor: C:\Users\eric.tan\workspace\talend-1036706831\DEMOCLOUD\poms\jobs\process\demo_0.1/src/main/assemblies/assembly.xml
[WARNING] Failed to build parent project for org.apache.commons:commons-text:jar:1.10.0
[INFO] Building zip: C:\Users\eric.tan\workspace\talend-1036706831\DEMOCLOUD\poms\jobs\process\demo_0.1\target\demo_0_1.zip
[INFO] 
[INFO] --- signer-maven-plugin:8.0.8:sign (sign) @ Demo ---
[INFO] Start to sign the job artifact
[INFO] Start to sign artifact, the source file is demo_0_1.zip and target file is demo_0_1_sign_.zip
[INFO] ------------------------------------------------------------------------
[INFO] BUILD SUCCESS
[INFO] ------------------------------------------------------------------------
[INFO] Total time:  9.320 s
[INFO] Finished at: 2024-01-12T11:30:02+08:00
[INFO] ------------------------------------------------------------------------
